Build started 2014-06-19 20:08:47.
     1>Project "C:\Documents and Settings\Patryk\moje dokumenty\visual studio 2010\Projects\tictactoe3d\tictactoe3d\tictactoe3d.vcxproj" on node 2 (build target(s)).
     1>InitializeBuildStatus:
         Creating "Release\tictactoe3d.unsuccessfulbuild" because "AlwaysCreate" was specified.
       ClCompile:
         G:\WinXP\Visual Studio\VC\bin\CL.exe /c /Zi /nologo /W3 /WX- /O2 /Oi /Oy- /GL /D _MBCS /Gm- /EHsc /MD /GS /Gy /fp:precise /Zc:wchar_t /Zc:forScope /Fo"Release\\" /Fd"Release\vc100.pdb" /Gd /TP /analyze- /errorReport:prompt Game.cpp Interface.cpp main.cpp
         Game.cpp
         Interface.cpp
         main.cpp
       Link:
         G:\WinXP\Visual Studio\VC\bin\link.exe /ERRORREPORT:PROMPT /OUT:"C:\Documents and Settings\Patryk\moje dokumenty\visual studio 2010\Projects\tictactoe3d\Release\tictactoe3d.exe" /NOLOGO kernel32.lib user32.lib gdi32.lib winspool.lib comdlg32.lib advapi32.lib shell32.lib ole32.lib oleaut32.lib uuid.lib odbc32.lib odbccp32.lib /MANIFEST /ManifestFile:"Release\tictactoe3d.exe.intermediate.manifest" /MANIFESTUAC:"level='asInvoker' uiAccess='false'" /DEBUG /PDB:"C:\Documents and Settings\Patryk\moje dokumenty\visual studio 2010\Projects\tictactoe3d\Release\tictactoe3d.pdb" /OPT:REF /OPT:ICF /LTCG /TLBID:1 /DYNAMICBASE /NXCOMPAT /IMPLIB:"C:\Documents and Settings\Patryk\moje dokumenty\visual studio 2010\Projects\tictactoe3d\Release\tictactoe3d.lib" /MACHINE:X86 Release\Game.obj
         Release\Interface.obj
         Release\main.obj
         Generating code
         Finished generating code
         tictactoe3d.vcxproj -> C:\Documents and Settings\Patryk\moje dokumenty\visual studio 2010\Projects\tictactoe3d\Release\tictactoe3d.exe
       Manifest:
         C:\Program Files\Microsoft SDKs\Windows\v7.0A\bin\mt.exe /nologo /verbose /outputresource:"C:\Documents and Settings\Patryk\moje dokumenty\visual studio 2010\Projects\tictactoe3d\Release\tictactoe3d.exe;#1" /manifest Release\tictactoe3d.exe.intermediate.manifest
       FinalizeBuildStatus:
         Deleting file "Release\tictactoe3d.unsuccessfulbuild".
         Touching "Release\tictactoe3d.lastbuildstate".
     1>Done Building Project "C:\Documents and Settings\Patryk\moje dokumenty\visual studio 2010\Projects\tictactoe3d\tictactoe3d\tictactoe3d.vcxproj" (build target(s)).

Build succeeded.

Time Elapsed 00:00:02.65
