Build started 2014-05-18 23:08:28.
     1>Project "C:\Documents and Settings\Patryk\moje dokumenty\visual studio 2010\Projects\Program 4\Program 4\Program 4.vcxproj" on node 2 (build target(s)).
     1>InitializeBuildStatus:
         Creating "Release\Program 4.unsuccessfulbuild" because "AlwaysCreate" was specified.
       ClCompile:
         G:\WinXP\Visual Studio\VC\bin\CL.exe /c /Zi /nologo /W3 /WX- /O2 /Oi /Oy- /GL /D _MBCS /Gm- /EHsc /MD /GS /Gy /fp:precise /Zc:wchar_t /Zc:forScope /Fo"Release\\" /Fd"Release\vc100.pdb" /Gd /TP /analyze- /errorReport:prompt eksperyment.cpp
         eksperyment.cpp
       Link:
         G:\WinXP\Visual Studio\VC\bin\link.exe /ERRORREPORT:PROMPT /OUT:"C:\Documents and Settings\Patryk\moje dokumenty\visual studio 2010\Projects\Program 4\Release\Program 4.exe" /NOLOGO kernel32.lib user32.lib gdi32.lib winspool.lib comdlg32.lib advapi32.lib shell32.lib ole32.lib oleaut32.lib uuid.lib odbc32.lib odbccp32.lib /MANIFEST /ManifestFile:"Release\Program 4.exe.intermediate.manifest" /MANIFESTUAC:"level='asInvoker' uiAccess='false'" /DEBUG /PDB:"C:\Documents and Settings\Patryk\moje dokumenty\visual studio 2010\Projects\Program 4\Release\Program 4.pdb" /OPT:REF /OPT:ICF /LTCG /TLBID:1 /DYNAMICBASE /NXCOMPAT /IMPLIB:"C:\Documents and Settings\Patryk\moje dokumenty\visual studio 2010\Projects\Program 4\Release\Program 4.lib" /MACHINE:X86 Release\BubbleSort.obj
         Release\eksperyment.obj
         Release\InsertionSort.obj
         Release\main.obj
         Release\QuickSort.obj
         Release\tester.obj
         Generating code
         Finished generating code
         Program 4.vcxproj -> C:\Documents and Settings\Patryk\moje dokumenty\visual studio 2010\Projects\Program 4\Release\Program 4.exe
       Manifest:
         C:\Program Files\Microsoft SDKs\Windows\v7.0A\bin\mt.exe /nologo /verbose /outputresource:"C:\Documents and Settings\Patryk\moje dokumenty\visual studio 2010\Projects\Program 4\Release\Program 4.exe;#1" /manifest "Release\Program 4.exe.intermediate.manifest"
       FinalizeBuildStatus:
         Deleting file "Release\Program 4.unsuccessfulbuild".
         Touching "Release\Program 4.lastbuildstate".
     1>Done Building Project "C:\Documents and Settings\Patryk\moje dokumenty\visual studio 2010\Projects\Program 4\Program 4\Program 4.vcxproj" (build target(s)).

Build succeeded.

Time Elapsed 00:00:01.79
