Build started 2014-06-19 07:27:56.
     1>Project "C:\Documents and Settings\Patryk\moje dokumenty\visual studio 2010\Projects\tictactoe3d\tictactoe3d\tictactoe3d.vcxproj" on node 2 (build target(s)).
     1>InitializeBuildStatus:
         Creating "Debug\tictactoe3d.unsuccessfulbuild" because "AlwaysCreate" was specified.
       ClCompile:
         G:\WinXP\Visual Studio\VC\bin\CL.exe /c /ZI /nologo /W3 /WX- /Od /Oy- /D _MBCS /Gm /EHsc /RTC1 /MDd /GS /fp:precise /Zc:wchar_t /Zc:forScope /Fo"Debug\\" /Fd"Debug\vc100.pdb" /Gd /TP /analyze- /errorReport:prompt Interface.cpp
         Interface.cpp
       Link:
         G:\WinXP\Visual Studio\VC\bin\link.exe /ERRORREPORT:PROMPT /OUT:"C:\Documents and Settings\Patryk\moje dokumenty\visual studio 2010\Projects\tictactoe3d\Debug\tictactoe3d.exe" /NOLOGO kernel32.lib user32.lib gdi32.lib winspool.lib comdlg32.lib advapi32.lib shell32.lib ole32.lib oleaut32.lib uuid.lib odbc32.lib odbccp32.lib /MANIFEST /ManifestFile:"Debug\tictactoe3d.exe.intermediate.manifest" /MANIFESTUAC:"level='asInvoker' uiAccess='false'" /DEBUG /PDB:"C:\Documents and Settings\Patryk\moje dokumenty\visual studio 2010\Projects\tictactoe3d\Debug\tictactoe3d.pdb" /TLBID:1 /DYNAMICBASE /NXCOMPAT /IMPLIB:"C:\Documents and Settings\Patryk\moje dokumenty\visual studio 2010\Projects\tictactoe3d\Debug\tictactoe3d.lib" /MACHINE:X86 Debug\Game.obj
         Debug\Interface.obj
         Debug\main.obj
         LINK : C:\Documents and Settings\Patryk\moje dokumenty\visual studio 2010\Projects\tictactoe3d\Debug\tictactoe3d.exe not found or not built by the last incremental link; performing full link
         tictactoe3d.vcxproj -> C:\Documents and Settings\Patryk\moje dokumenty\visual studio 2010\Projects\tictactoe3d\Debug\tictactoe3d.exe
       Manifest:
         C:\Program Files\Microsoft SDKs\Windows\v7.0A\bin\mt.exe /nologo /verbose /outputresource:"C:\Documents and Settings\Patryk\moje dokumenty\visual studio 2010\Projects\tictactoe3d\Debug\tictactoe3d.exe;#1" /manifest Debug\tictactoe3d.exe.intermediate.manifest
       FinalizeBuildStatus:
         Deleting file "Debug\tictactoe3d.unsuccessfulbuild".
         Touching "Debug\tictactoe3d.lastbuildstate".
     1>Done Building Project "C:\Documents and Settings\Patryk\moje dokumenty\visual studio 2010\Projects\tictactoe3d\tictactoe3d\tictactoe3d.vcxproj" (build target(s)).

Build succeeded.

Time Elapsed 00:00:01.92
