Build started 2014-06-15 00:53:07.
     1>Project "c:\documents and settings\Patryk\moje dokumenty\visual studio 2010\Projects\Program 7\Program 7\Program 7.vcxproj" on node 2 (build target(s)).
     1>InitializeBuildStatus:
         Creating "Debug\Program 7.unsuccessfulbuild" because "AlwaysCreate" was specified.
       ClCompile:
         G:\WinXP\Visual Studio\VC\bin\CL.exe /c /ZI /nologo /W3 /WX- /Od /Oy- /D _MBCS /Gm /EHsc /RTC1 /MDd /GS /fp:precise /Zc:wchar_t /Zc:forScope /Fo"Debug\\" /Fd"Debug\vc100.pdb" /Gd /TP /analyze- /errorReport:prompt main.cpp
         main.cpp
       Link:
         G:\WinXP\Visual Studio\VC\bin\link.exe /ERRORREPORT:PROMPT /OUT:"c:\documents and settings\patryk\moje dokumenty\visual studio 2010\Projects\Program 7\Debug\Program 7.exe" /NOLOGO kernel32.lib user32.lib gdi32.lib winspool.lib comdlg32.lib advapi32.lib shell32.lib ole32.lib oleaut32.lib uuid.lib odbc32.lib odbccp32.lib /MANIFEST /ManifestFile:"Debug\Program 7.exe.intermediate.manifest" /MANIFESTUAC:"level='asInvoker' uiAccess='false'" /DEBUG /PDB:"c:\documents and settings\patryk\moje dokumenty\visual studio 2010\Projects\Program 7\Debug\Program 7.pdb" /TLBID:1 /DYNAMICBASE /NXCOMPAT /IMPLIB:"c:\documents and settings\patryk\moje dokumenty\visual studio 2010\Projects\Program 7\Debug\Program 7.lib" /MACHINE:X86 Debug\graf.obj
         Debug\main.obj
         LINK : c:\documents and settings\patryk\moje dokumenty\visual studio 2010\Projects\Program 7\Debug\Program 7.exe not found or not built by the last incremental link; performing full link
         Program 7.vcxproj -> c:\documents and settings\patryk\moje dokumenty\visual studio 2010\Projects\Program 7\Debug\Program 7.exe
       Manifest:
         C:\Program Files\Microsoft SDKs\Windows\v7.0A\bin\mt.exe /nologo /verbose /outputresource:"c:\documents and settings\patryk\moje dokumenty\visual studio 2010\Projects\Program 7\Debug\Program 7.exe;#1" /manifest "Debug\Program 7.exe.intermediate.manifest"
       FinalizeBuildStatus:
         Deleting file "Debug\Program 7.unsuccessfulbuild".
         Touching "Debug\Program 7.lastbuildstate".
     1>Done Building Project "c:\documents and settings\Patryk\moje dokumenty\visual studio 2010\Projects\Program 7\Program 7\Program 7.vcxproj" (build target(s)).

Build succeeded.

Time Elapsed 00:00:01.70
