Build started 2014-05-18 20:12:49.
     1>Project "C:\Documents and Settings\Patryk\moje dokumenty\visual studio 2010\Projects\Program 4\Program 4\Program 4.vcxproj" on node 2 (build target(s)).
     1>InitializeBuildStatus:
         Creating "Debug\Program 4.unsuccessfulbuild" because "AlwaysCreate" was specified.
       ClCompile:
         G:\WinXP\Visual Studio\VC\bin\CL.exe /c /ZI /nologo /W3 /WX- /Od /Oy- /D _MBCS /Gm /EHsc /RTC1 /MDd /GS /fp:precise /Zc:wchar_t /Zc:forScope /Fo"Debug\\" /Fd"Debug\vc100.pdb" /Gd /TP /analyze- /errorReport:prompt eksperyment.cpp
         eksperyment.cpp
       Link:
         G:\WinXP\Visual Studio\VC\bin\link.exe /ERRORREPORT:PROMPT /OUT:"C:\Documents and Settings\Patryk\moje dokumenty\visual studio 2010\Projects\Program 4\Debug\Program 4.exe" /NOLOGO kernel32.lib user32.lib gdi32.lib winspool.lib comdlg32.lib advapi32.lib shell32.lib ole32.lib oleaut32.lib uuid.lib odbc32.lib odbccp32.lib /MANIFEST /ManifestFile:"Debug\Program 4.exe.intermediate.manifest" /MANIFESTUAC:"level='asInvoker' uiAccess='false'" /DEBUG /PDB:"C:\Documents and Settings\Patryk\moje dokumenty\visual studio 2010\Projects\Program 4\Debug\Program 4.pdb" /TLBID:1 /DYNAMICBASE /NXCOMPAT /IMPLIB:"C:\Documents and Settings\Patryk\moje dokumenty\visual studio 2010\Projects\Program 4\Debug\Program 4.lib" /MACHINE:X86 Debug\BubbleSort.obj
         Debug\eksperyment.obj
         Debug\InsertionSort.obj
         Debug\main.obj
         Debug\QuickSort.obj
         Debug\tester.obj
         LINK : C:\Documents and Settings\Patryk\moje dokumenty\visual studio 2010\Projects\Program 4\Debug\Program 4.exe not found or not built by the last incremental link; performing full link
         Program 4.vcxproj -> C:\Documents and Settings\Patryk\moje dokumenty\visual studio 2010\Projects\Program 4\Debug\Program 4.exe
       Manifest:
         C:\Program Files\Microsoft SDKs\Windows\v7.0A\bin\mt.exe /nologo /verbose /outputresource:"C:\Documents and Settings\Patryk\moje dokumenty\visual studio 2010\Projects\Program 4\Debug\Program 4.exe;#1" /manifest "Debug\Program 4.exe.intermediate.manifest"
       FinalizeBuildStatus:
         Deleting file "Debug\Program 4.unsuccessfulbuild".
         Touching "Debug\Program 4.lastbuildstate".
     1>Done Building Project "C:\Documents and Settings\Patryk\moje dokumenty\visual studio 2010\Projects\Program 4\Program 4\Program 4.vcxproj" (build target(s)).

Build succeeded.

Time Elapsed 00:00:03.31
